2022-10-14 11:27:40.626  INFO 22872 --- [main] org.example.logback.Application          : Starting Application on Z-A61-ZK0059 with PID 22872 (E:\workspace\spring-boot-demo\SpringBootDemo\demo-logback\target\classes started by 00771487 in E:\workspace\spring-boot-demo\SpringBootDemo)
2022-10-14 11:27:40.631  INFO 22872 --- [main] org.example.logback.Application          : No active profile set, falling back to default profiles: default
2022-10-14 11:27:41.698  INFO 22872 --- [main] o.s.b.w.embedded.tomcat.TomcatWebServer  : Tomcat initialized with port(s): 8101 (http)
2022-10-14 11:27:41.716  INFO 22872 --- [main] o.apache.catalina.core.StandardService   : Starting service [Tomcat]
2022-10-14 11:27:41.717  INFO 22872 --- [main] org.apache.catalina.core.StandardEngine  : Starting Servlet engine: [Apache Tomcat/9.0.46]
2022-10-14 11:27:42.085  INFO 22872 --- [main] o.a.c.c.C.[Tomcat].[localhost].[/]       : Initializing Spring embedded WebApplicationContext
2022-10-14 11:27:42.086  INFO 22872 --- [main] w.s.c.ServletWebServerApplicationContext : Root WebApplicationContext: initialization completed in 1385 ms
2022-10-14 11:27:42.676  INFO 22872 --- [main] o.s.s.concurrent.ThreadPoolTaskExecutor  : Initializing ExecutorService 'applicationTaskExecutor'
2022-10-14 11:27:42.833  INFO 22872 --- [main] o.s.b.w.embedded.tomcat.TomcatWebServer  : Tomcat started on port(s): 8101 (http) with context path ''
2022-10-14 11:27:42.842  INFO 22872 --- [main] org.example.logback.Application          : Started Application in 2.746 seconds (JVM running for 3.334)
2022-10-14 11:27:42.845  INFO 22872 --- [main] org.example.logback.Application          : <main> start
2022-10-14 11:27:50.729  INFO 22872 --- [http-nio-8101-exec-2] o.a.c.c.C.[Tomcat].[localhost].[/]       : Initializing Spring DispatcherServlet 'dispatcherServlet'
2022-10-14 11:27:50.730  INFO 22872 --- [http-nio-8101-exec-2] o.s.web.servlet.DispatcherServlet        : Initializing Servlet 'dispatcherServlet'
2022-10-14 11:27:50.734  INFO 22872 --- [http-nio-8101-exec-2] o.s.web.servlet.DispatcherServlet        : Completed initialization in 4 ms
2022-10-14 11:27:50.755  WARN 22872 --- [http-nio-8101-exec-2] o.e.logback.controller.TestController    : <test> 3
2022-10-14 11:27:50.755 ERROR 22872 --- [http-nio-8101-exec-2] o.e.logback.controller.TestController    : <test> 4
2022-10-14 11:30:38.208  INFO 20152 --- [main] org.example.log4j2.Application           : Starting Application on Z-A61-ZK0059 with PID 20152 (E:\workspace\spring-boot-demo\SpringBootDemo\demo-log4j2\target\classes started by 00771487 in E:\workspace\spring-boot-demo\SpringBootDemo)
2022-10-14 11:30:38.212  INFO 20152 --- [main] org.example.log4j2.Application           : No active profile set, falling back to default profiles: default
2022-10-14 11:30:39.173  INFO 20152 --- [main] o.s.b.w.embedded.tomcat.TomcatWebServer  : Tomcat initialized with port(s): 8102 (http)
2022-10-14 11:30:39.184  INFO 20152 --- [main] o.apache.catalina.core.StandardService   : Starting service [Tomcat]
2022-10-14 11:30:39.185  INFO 20152 --- [main] org.apache.catalina.core.StandardEngine  : Starting Servlet engine: [Apache Tomcat/9.0.46]
2022-10-14 11:30:39.270  INFO 20152 --- [main] o.a.c.c.C.[Tomcat].[localhost].[/]       : Initializing Spring embedded WebApplicationContext
2022-10-14 11:30:39.271  INFO 20152 --- [main] w.s.c.ServletWebServerApplicationContext : Root WebApplicationContext: initialization completed in 1012 ms
2022-10-14 11:30:39.436  INFO 20152 --- [main] o.s.s.concurrent.ThreadPoolTaskExecutor  : Initializing ExecutorService 'applicationTaskExecutor'
2022-10-14 11:30:39.594  INFO 20152 --- [main] o.s.b.w.embedded.tomcat.TomcatWebServer  : Tomcat started on port(s): 8102 (http) with context path ''
2022-10-14 11:30:39.603  INFO 20152 --- [main] org.example.log4j2.Application           : Started Application in 1.915 seconds (JVM running for 2.458)
2022-10-14 11:30:39.605  INFO 20152 --- [main] org.example.log4j2.Application           : <main> start
2022-10-14 11:30:51.945  WARN 22872 --- [http-nio-8101-exec-4] o.e.logback.controller.TestController    : <test> 3
2022-10-14 11:30:51.946 ERROR 22872 --- [http-nio-8101-exec-4] o.e.logback.controller.TestController    : <test> 4
2022-10-14 11:30:59.696  INFO 20152 --- [http-nio-8102-exec-1] o.a.c.c.C.[Tomcat].[localhost].[/]       : Initializing Spring DispatcherServlet 'dispatcherServlet'
2022-10-14 11:30:59.697  INFO 20152 --- [http-nio-8102-exec-1] o.s.web.servlet.DispatcherServlet        : Initializing Servlet 'dispatcherServlet'
2022-10-14 11:30:59.701  INFO 20152 --- [http-nio-8102-exec-1] o.s.web.servlet.DispatcherServlet        : Completed initialization in 4 ms
2022-10-14 11:30:59.721  INFO 20152 --- [http-nio-8102-exec-1] o.e.log4j2.controller.TestController     : <test> 2
2022-10-14 11:30:59.721  WARN 20152 --- [http-nio-8102-exec-1] o.e.log4j2.controller.TestController     : <test> 3
2022-10-14 11:30:59.721 ERROR 20152 --- [http-nio-8102-exec-1] o.e.log4j2.controller.TestController     : <test> 4
2022-10-14 11:32:16.315  INFO 20152 --- [SpringContextShutdownHook] o.s.s.concurrent.ThreadPoolTaskExecutor  : Shutting down ExecutorService 'applicationTaskExecutor'
2022-10-14 14:00:33.361  INFO 22872 --- [SpringContextShutdownHook] o.s.s.concurrent.ThreadPoolTaskExecutor  : Shutting down ExecutorService 'applicationTaskExecutor'
